<?xml version="1.0" encoding="UTF-8"?>
<!-- Generated by org.testng.reporters.JUnitXMLReporter -->
<testsuite ignored="3" hostname="DESKTOP-LL2RGL5" failures="0" tests="1" name="Test" time="35.14" errors="0" timestamp="2021-08-11T13:06:18 IST">
  <testcase classname="com.apach.ReadingExel" name="test4" time="20.317"/>
  <testcase classname="com.apach.ReadingExel" name="test3" time="0.0">
    <ignored/>
  </testcase> <!-- test3 -->
  <testcase classname="com.apach.ReadingExel" name="test2" time="0.0">
    <ignored/>
  </testcase> <!-- test2 -->
  <testcase classname="com.apach.ReadingExel" name="test1" time="0.0">
    <ignored/>
  </testcase> <!-- test1 -->
</testsuite> <!-- Test -->
