<?xml version="1.0" encoding="UTF-8"?>
<testng-results ignored="3" total="4" passed="1" failed="0" skipped="0">
  <reporter-output>
  </reporter-output>
  <suite started-at="2021-08-11T13:05:42 IST" name="Suite" finished-at="2021-08-11T13:06:17 IST" duration-ms="35140">
    <groups>
    </groups>
    <test started-at="2021-08-11T13:05:42 IST" name="Test" finished-at="2021-08-11T13:06:17 IST" duration-ms="35140">
      <class name="com.apach.ReadingExel">
        <test-method is-config="true" signature="setup()[pri:0, instance:com.apach.ReadingExel@7a419da4]" started-at="2021-08-11T13:05:42 IST" name="setup" finished-at="2021-08-11T13:05:57 IST" duration-ms="14396" status="PASS">
          <reporter-output>
          </reporter-output>
        </test-method> <!-- setup -->
        <test-method signature="test4()[pri:0, instance:com.apach.ReadingExel@7a419da4]" started-at="2021-08-11T13:05:57 IST" name="test4" finished-at="2021-08-11T13:06:17 IST" duration-ms="20317" status="PASS">
          <reporter-output>
          </reporter-output>
        </test-method> <!-- test4 -->
        <test-method is-config="true" signature="tardown()[pri:0, instance:com.apach.ReadingExel@7a419da4]" started-at="2021-08-11T13:06:17 IST" name="tardown" finished-at="2021-08-11T13:06:17 IST" duration-ms="324" status="PASS">
          <reporter-output>
          </reporter-output>
        </test-method> <!-- tardown -->
      </class> <!-- com.apach.ReadingExel -->
    </test> <!-- Test -->
  </suite> <!-- Suite -->
</testng-results>
